2020-04-04 12:31:55.806  INFO 12596 --- [restartedMain] com.example.demo.DemoApplication         : Starting DemoApplication on DESKTOP-JR4IP6T with PID 12596 (C:\Users\cyx_i\IdeaProjects\lightBlog\target\classes started by cyx_i in C:\Users\cyx_i\IdeaProjects\lightBlog)
2020-04-04 12:31:55.816  INFO 12596 --- [restartedMain] com.example.demo.DemoApplication         : No active profile set, falling back to default profiles: default
2020-04-04 12:31:55.939  INFO 12596 --- [restartedMain] .e.DevToolsPropertyDefaultsPostProcessor : Devtools property defaults active! Set 'spring.devtools.add-properties' to 'false' to disable
2020-04-04 12:31:55.939  INFO 12596 --- [restartedMain] .e.DevToolsPropertyDefaultsPostProcessor : For additional web related logging consider setting the 'logging.level.web' property to 'DEBUG'
2020-04-04 12:31:57.232  INFO 12596 --- [restartedMain] o.s.b.w.embedded.tomcat.TomcatWebServer  : Tomcat initialized with port(s): 8080 (http)
2020-04-04 12:31:57.240  INFO 12596 --- [restartedMain] o.apache.catalina.core.StandardService   : Starting service [Tomcat]
2020-04-04 12:31:57.240  INFO 12596 --- [restartedMain] org.apache.catalina.core.StandardEngine  : Starting Servlet engine: [Apache Tomcat/9.0.31]
2020-04-04 12:31:57.310  INFO 12596 --- [restartedMain] o.a.c.c.C.[Tomcat].[localhost].[/]       : Initializing Spring embedded WebApplicationContext
2020-04-04 12:31:57.311  INFO 12596 --- [restartedMain] o.s.web.context.ContextLoader            : Root WebApplicationContext: initialization completed in 1371 ms
2020-04-04 12:31:57.973  INFO 12596 --- [restartedMain] o.s.s.concurrent.ThreadPoolTaskExecutor  : Initializing ExecutorService 'applicationTaskExecutor'
2020-04-04 12:31:58.066  INFO 12596 --- [restartedMain] o.s.b.a.w.s.WelcomePageHandlerMapping    : Adding welcome page template: index
2020-04-04 12:31:58.571  INFO 12596 --- [restartedMain] o.s.b.d.a.OptionalLiveReloadServer       : LiveReload server is running on port 35729
2020-04-04 12:31:58.883  INFO 12596 --- [restartedMain] o.s.b.w.embedded.tomcat.TomcatWebServer  : Tomcat started on port(s): 8080 (http) with context path ''
2020-04-04 12:31:58.889  INFO 12596 --- [restartedMain] com.example.demo.DemoApplication         : Started DemoApplication in 3.732 seconds (JVM running for 5.068)
2020-04-04 12:32:06.179  INFO 12596 --- [http-nio-8080-exec-3] o.a.c.c.C.[Tomcat].[localhost].[/]       : Initializing Spring DispatcherServlet 'dispatcherServlet'
2020-04-04 12:32:06.179  INFO 12596 --- [http-nio-8080-exec-3] o.s.web.servlet.DispatcherServlet        : Initializing Servlet 'dispatcherServlet'
2020-04-04 12:32:06.187  INFO 12596 --- [http-nio-8080-exec-3] o.s.web.servlet.DispatcherServlet        : Completed initialization in 8 ms
2020-04-04 12:32:06.217  INFO 12596 --- [http-nio-8080-exec-3] com.example.demo.aspect.WebLogAspect     : Request: {url='http://localhost:8080/', ip='0:0:0:0:0:0:0:1', classMethod='com.example.demo.web.indexController.index', args=[{}, 1, 8]}
2020-04-04 12:32:06.280  INFO 12596 --- [http-nio-8080-exec-3] com.alibaba.druid.pool.DruidDataSource   : {dataSource-1} inited
2020-04-04 12:32:07.205  INFO 12596 --- [http-nio-8080-exec-3] com.example.demo.aspect.WebLogAspect     : Result: index
2020-04-04 12:32:08.605  INFO 12596 --- [http-nio-8080-exec-7] com.example.demo.aspect.WebLogAspect     : Request: {url='http://localhost:8080/footer/newblog', ip='0:0:0:0:0:0:0:1', classMethod='com.example.demo.web.indexController.newblogs', args=[{}]}
2020-04-04 12:32:08.614  INFO 12596 --- [http-nio-8080-exec-7] com.example.demo.aspect.WebLogAspect     : Result: _fragments :: newblogList
2020-04-04 12:32:13.973  INFO 12596 --- [http-nio-8080-exec-1] c.e.demo.service.impl.UserServiceImpl    : auth root ============admin
2020-04-04 12:47:01.813  INFO 5492 --- [main] com.example.demo.DemoApplicationTests    : Starting DemoApplicationTests on DESKTOP-JR4IP6T with PID 5492 (started by cyx_i in C:\Users\cyx_i\IdeaProjects\lightBlog)
2020-04-04 12:47:01.816  INFO 5492 --- [main] com.example.demo.DemoApplicationTests    : No active profile set, falling back to default profiles: default
2020-04-04 12:47:02.585  WARN 5492 --- [main] o.m.s.mapper.ClassPathMapperScanner      : Skipping MapperFactoryBean with name 'blogMapper' and 'com.example.demo.mapper.BlogMapper' mapperInterface. Bean already defined with the same name!
2020-04-04 12:47:02.585  WARN 5492 --- [main] o.m.s.mapper.ClassPathMapperScanner      : Skipping MapperFactoryBean with name 'blogTagsMapper' and 'com.example.demo.mapper.BlogTagsMapper' mapperInterface. Bean already defined with the same name!
2020-04-04 12:47:02.585  WARN 5492 --- [main] o.m.s.mapper.ClassPathMapperScanner      : Skipping MapperFactoryBean with name 'commentMapper' and 'com.example.demo.mapper.CommentMapper' mapperInterface. Bean already defined with the same name!
2020-04-04 12:47:02.585  WARN 5492 --- [main] o.m.s.mapper.ClassPathMapperScanner      : Skipping MapperFactoryBean with name 'tagMapper' and 'com.example.demo.mapper.TagMapper' mapperInterface. Bean already defined with the same name!
2020-04-04 12:47:02.586  WARN 5492 --- [main] o.m.s.mapper.ClassPathMapperScanner      : Skipping MapperFactoryBean with name 'typeMapper' and 'com.example.demo.mapper.TypeMapper' mapperInterface. Bean already defined with the same name!
2020-04-04 12:47:02.586  WARN 5492 --- [main] o.m.s.mapper.ClassPathMapperScanner      : Skipping MapperFactoryBean with name 'userMapper' and 'com.example.demo.mapper.UserMapper' mapperInterface. Bean already defined with the same name!
2020-04-04 12:47:02.586  WARN 5492 --- [main] o.m.s.mapper.ClassPathMapperScanner      : No MyBatis mapper was found in '[com.example.demo.mapper]' package. Please check your configuration.
2020-04-04 12:47:04.352  INFO 5492 --- [main] o.s.s.concurrent.ThreadPoolTaskExecutor  : Initializing ExecutorService 'applicationTaskExecutor'
2020-04-04 12:47:04.511  INFO 5492 --- [main] o.s.b.a.w.s.WelcomePageHandlerMapping    : Adding welcome page template: index
2020-04-04 12:47:04.983  INFO 5492 --- [main] com.example.demo.DemoApplicationTests    : Started DemoApplicationTests in 3.609 seconds (JVM running for 4.643)
2020-04-04 12:47:05.369  INFO 5492 --- [main] com.alibaba.druid.pool.DruidDataSource   : {dataSource-1} inited
2020-04-04 12:47:06.682  INFO 5492 --- [SpringContextShutdownHook] o.s.s.concurrent.ThreadPoolTaskExecutor  : Shutting down ExecutorService 'applicationTaskExecutor'
2020-04-04 12:47:06.688  INFO 5492 --- [SpringContextShutdownHook] com.alibaba.druid.pool.DruidDataSource   : {dataSource-1} closed
2020-04-04 12:54:15.296  INFO 1868 --- [restartedMain] com.example.demo.DemoApplication         : Starting DemoApplication on DESKTOP-JR4IP6T with PID 1868 (C:\Users\cyx_i\IdeaProjects\lightBlog\target\classes started by cyx_i in C:\Users\cyx_i\IdeaProjects\lightBlog)
2020-04-04 12:54:15.300  INFO 1868 --- [restartedMain] com.example.demo.DemoApplication         : No active profile set, falling back to default profiles: default
2020-04-04 12:54:15.387  INFO 1868 --- [restartedMain] .e.DevToolsPropertyDefaultsPostProcessor : Devtools property defaults active! Set 'spring.devtools.add-properties' to 'false' to disable
2020-04-04 12:54:15.387  INFO 1868 --- [restartedMain] .e.DevToolsPropertyDefaultsPostProcessor : For additional web related logging consider setting the 'logging.level.web' property to 'DEBUG'
2020-04-04 12:54:16.674  INFO 1868 --- [restartedMain] o.s.b.w.embedded.tomcat.TomcatWebServer  : Tomcat initialized with port(s): 8080 (http)
2020-04-04 12:54:16.684  INFO 1868 --- [restartedMain] o.apache.catalina.core.StandardService   : Starting service [Tomcat]
2020-04-04 12:54:16.684  INFO 1868 --- [restartedMain] org.apache.catalina.core.StandardEngine  : Starting Servlet engine: [Apache Tomcat/9.0.31]
2020-04-04 12:54:16.772  INFO 1868 --- [restartedMain] o.a.c.c.C.[Tomcat].[localhost].[/]       : Initializing Spring embedded WebApplicationContext
2020-04-04 12:54:16.773  INFO 1868 --- [restartedMain] o.s.web.context.ContextLoader            : Root WebApplicationContext: initialization completed in 1385 ms
2020-04-04 12:54:17.435  INFO 1868 --- [restartedMain] o.s.s.concurrent.ThreadPoolTaskExecutor  : Initializing ExecutorService 'applicationTaskExecutor'
2020-04-04 12:54:17.514  INFO 1868 --- [restartedMain] o.s.b.a.w.s.WelcomePageHandlerMapping    : Adding welcome page template: index
2020-04-04 12:54:17.898  INFO 1868 --- [restartedMain] o.s.b.d.a.OptionalLiveReloadServer       : LiveReload server is running on port 35729
2020-04-04 12:54:17.952  INFO 1868 --- [restartedMain] o.s.b.w.embedded.tomcat.TomcatWebServer  : Tomcat started on port(s): 8080 (http) with context path ''
2020-04-04 12:54:17.955  INFO 1868 --- [restartedMain] com.example.demo.DemoApplication         : Started DemoApplication in 3.313 seconds (JVM running for 4.533)
2020-04-04 12:54:28.466  INFO 1868 --- [http-nio-8080-exec-1] o.a.c.c.C.[Tomcat].[localhost].[/]       : Initializing Spring DispatcherServlet 'dispatcherServlet'
2020-04-04 12:54:28.466  INFO 1868 --- [http-nio-8080-exec-1] o.s.web.servlet.DispatcherServlet        : Initializing Servlet 'dispatcherServlet'
2020-04-04 12:54:28.481  INFO 1868 --- [http-nio-8080-exec-1] o.s.web.servlet.DispatcherServlet        : Completed initialization in 14 ms
2020-04-04 12:54:28.528  INFO 1868 --- [http-nio-8080-exec-1] com.example.demo.aspect.WebLogAspect     : Request: {url='http://localhost:8080/', ip='0:0:0:0:0:0:0:1', classMethod='com.example.demo.web.indexController.index', args=[{}, 1, 8]}
2020-04-04 12:54:28.595  INFO 1868 --- [http-nio-8080-exec-1] com.alibaba.druid.pool.DruidDataSource   : {dataSource-1} inited
2020-04-04 12:54:29.290  INFO 1868 --- [http-nio-8080-exec-1] com.example.demo.aspect.WebLogAspect     : Result: index
2020-04-04 12:54:30.077  INFO 1868 --- [http-nio-8080-exec-2] com.example.demo.aspect.WebLogAspect     : Request: {url='http://localhost:8080/footer/newblog', ip='0:0:0:0:0:0:0:1', classMethod='com.example.demo.web.indexController.newblogs', args=[{}]}
2020-04-04 12:54:30.082  INFO 1868 --- [http-nio-8080-exec-2] com.example.demo.aspect.WebLogAspect     : Result: _fragments :: newblogList
2020-04-04 12:54:34.838  INFO 1868 --- [http-nio-8080-exec-4] c.e.demo.service.impl.UserServiceImpl    : auth root ============admin
2020-04-04 12:56:49.925  INFO 11600 --- [main] com.example.demo.DemoApplicationTests    : Starting DemoApplicationTests on DESKTOP-JR4IP6T with PID 11600 (started by cyx_i in C:\Users\cyx_i\IdeaProjects\lightBlog)
2020-04-04 12:56:49.928  INFO 11600 --- [main] com.example.demo.DemoApplicationTests    : No active profile set, falling back to default profiles: default
2020-04-04 12:56:50.701  WARN 11600 --- [main] o.m.s.mapper.ClassPathMapperScanner      : Skipping MapperFactoryBean with name 'blogMapper' and 'com.example.demo.mapper.BlogMapper' mapperInterface. Bean already defined with the same name!
2020-04-04 12:56:50.701  WARN 11600 --- [main] o.m.s.mapper.ClassPathMapperScanner      : Skipping MapperFactoryBean with name 'blogTagsMapper' and 'com.example.demo.mapper.BlogTagsMapper' mapperInterface. Bean already defined with the same name!
2020-04-04 12:56:50.701  WARN 11600 --- [main] o.m.s.mapper.ClassPathMapperScanner      : Skipping MapperFactoryBean with name 'commentMapper' and 'com.example.demo.mapper.CommentMapper' mapperInterface. Bean already defined with the same name!
2020-04-04 12:56:50.701  WARN 11600 --- [main] o.m.s.mapper.ClassPathMapperScanner      : Skipping MapperFactoryBean with name 'tagMapper' and 'com.example.demo.mapper.TagMapper' mapperInterface. Bean already defined with the same name!
2020-04-04 12:56:50.701  WARN 11600 --- [main] o.m.s.mapper.ClassPathMapperScanner      : Skipping MapperFactoryBean with name 'typeMapper' and 'com.example.demo.mapper.TypeMapper' mapperInterface. Bean already defined with the same name!
2020-04-04 12:56:50.702  WARN 11600 --- [main] o.m.s.mapper.ClassPathMapperScanner      : Skipping MapperFactoryBean with name 'userMapper' and 'com.example.demo.mapper.UserMapper' mapperInterface. Bean already defined with the same name!
2020-04-04 12:56:50.702  WARN 11600 --- [main] o.m.s.mapper.ClassPathMapperScanner      : No MyBatis mapper was found in '[com.example.demo.mapper]' package. Please check your configuration.
2020-04-04 12:56:52.560  INFO 11600 --- [main] o.s.s.concurrent.ThreadPoolTaskExecutor  : Initializing ExecutorService 'applicationTaskExecutor'
2020-04-04 12:56:52.781  INFO 11600 --- [main] o.s.b.a.w.s.WelcomePageHandlerMapping    : Adding welcome page template: index
2020-04-04 12:56:53.267  INFO 11600 --- [main] com.example.demo.DemoApplicationTests    : Started DemoApplicationTests in 3.752 seconds (JVM running for 4.73)
2020-04-04 12:56:53.614  INFO 11600 --- [main] com.alibaba.druid.pool.DruidDataSource   : {dataSource-1} inited
2020-04-04 12:56:54.916  INFO 11600 --- [SpringContextShutdownHook] o.s.s.concurrent.ThreadPoolTaskExecutor  : Shutting down ExecutorService 'applicationTaskExecutor'
2020-04-04 12:56:54.921  INFO 11600 --- [SpringContextShutdownHook] com.alibaba.druid.pool.DruidDataSource   : {dataSource-1} closed
2020-04-04 12:59:10.679  INFO 3712 --- [restartedMain] com.example.demo.DemoApplication         : Starting DemoApplication on DESKTOP-JR4IP6T with PID 3712 (C:\Users\cyx_i\IdeaProjects\lightBlog\target\classes started by cyx_i in C:\Users\cyx_i\IdeaProjects\lightBlog)
2020-04-04 12:59:10.684  INFO 3712 --- [restartedMain] com.example.demo.DemoApplication         : No active profile set, falling back to default profiles: default
2020-04-04 12:59:10.753  INFO 3712 --- [restartedMain] .e.DevToolsPropertyDefaultsPostProcessor : Devtools property defaults active! Set 'spring.devtools.add-properties' to 'false' to disable
2020-04-04 12:59:10.753  INFO 3712 --- [restartedMain] .e.DevToolsPropertyDefaultsPostProcessor : For additional web related logging consider setting the 'logging.level.web' property to 'DEBUG'
2020-04-04 12:59:12.000  INFO 3712 --- [restartedMain] o.s.b.w.embedded.tomcat.TomcatWebServer  : Tomcat initialized with port(s): 8080 (http)
2020-04-04 12:59:12.007  INFO 3712 --- [restartedMain] o.apache.catalina.core.StandardService   : Starting service [Tomcat]
2020-04-04 12:59:12.008  INFO 3712 --- [restartedMain] org.apache.catalina.core.StandardEngine  : Starting Servlet engine: [Apache Tomcat/9.0.31]
2020-04-04 12:59:12.069  INFO 3712 --- [restartedMain] o.a.c.c.C.[Tomcat].[localhost].[/]       : Initializing Spring embedded WebApplicationContext
2020-04-04 12:59:12.070  INFO 3712 --- [restartedMain] o.s.web.context.ContextLoader            : Root WebApplicationContext: initialization completed in 1317 ms
2020-04-04 12:59:12.723  INFO 3712 --- [restartedMain] o.s.s.concurrent.ThreadPoolTaskExecutor  : Initializing ExecutorService 'applicationTaskExecutor'
2020-04-04 12:59:12.798  INFO 3712 --- [restartedMain] o.s.b.a.w.s.WelcomePageHandlerMapping    : Adding welcome page template: index
2020-04-04 12:59:13.141  INFO 3712 --- [restartedMain] o.s.b.d.a.OptionalLiveReloadServer       : LiveReload server is running on port 35729
2020-04-04 12:59:13.190  INFO 3712 --- [restartedMain] o.s.b.w.embedded.tomcat.TomcatWebServer  : Tomcat started on port(s): 8080 (http) with context path ''
2020-04-04 12:59:13.193  INFO 3712 --- [restartedMain] com.example.demo.DemoApplication         : Started DemoApplication in 2.997 seconds (JVM running for 3.957)
2020-04-04 12:59:21.691  INFO 3712 --- [http-nio-8080-exec-1] o.a.c.c.C.[Tomcat].[localhost].[/]       : Initializing Spring DispatcherServlet 'dispatcherServlet'
2020-04-04 12:59:21.691  INFO 3712 --- [http-nio-8080-exec-1] o.s.web.servlet.DispatcherServlet        : Initializing Servlet 'dispatcherServlet'
2020-04-04 12:59:21.699  INFO 3712 --- [http-nio-8080-exec-1] o.s.web.servlet.DispatcherServlet        : Completed initialization in 7 ms
2020-04-04 12:59:21.730  INFO 3712 --- [http-nio-8080-exec-1] com.example.demo.aspect.WebLogAspect     : Request: {url='http://localhost:8080/', ip='127.0.0.1', classMethod='com.example.demo.web.indexController.index', args=[{}, 1, 8]}
2020-04-04 12:59:21.792  INFO 3712 --- [http-nio-8080-exec-1] com.alibaba.druid.pool.DruidDataSource   : {dataSource-1} inited
2020-04-04 12:59:22.449  INFO 3712 --- [http-nio-8080-exec-1] com.example.demo.aspect.WebLogAspect     : Result: index
2020-04-04 12:59:23.398  INFO 3712 --- [http-nio-8080-exec-6] com.example.demo.aspect.WebLogAspect     : Request: {url='http://localhost:8080/footer/newblog', ip='127.0.0.1', classMethod='com.example.demo.web.indexController.newblogs', args=[{}]}
2020-04-04 12:59:23.401  INFO 3712 --- [http-nio-8080-exec-6] com.example.demo.aspect.WebLogAspect     : Result: _fragments :: newblogList
2020-04-04 12:59:27.049  INFO 3712 --- [http-nio-8080-exec-4] c.e.demo.service.impl.UserServiceImpl    : auth root ============admin
2020-04-04 12:59:48.841  INFO 15736 --- [main] com.example.demo.DemoApplicationTests    : Starting DemoApplicationTests on DESKTOP-JR4IP6T with PID 15736 (started by cyx_i in C:\Users\cyx_i\IdeaProjects\lightBlog)
2020-04-04 12:59:48.843  INFO 15736 --- [main] com.example.demo.DemoApplicationTests    : No active profile set, falling back to default profiles: default
2020-04-04 12:59:49.732  WARN 15736 --- [main] o.m.s.mapper.ClassPathMapperScanner      : Skipping MapperFactoryBean with name 'blogMapper' and 'com.example.demo.mapper.BlogMapper' mapperInterface. Bean already defined with the same name!
2020-04-04 12:59:49.733  WARN 15736 --- [main] o.m.s.mapper.ClassPathMapperScanner      : Skipping MapperFactoryBean with name 'blogTagsMapper' and 'com.example.demo.mapper.BlogTagsMapper' mapperInterface. Bean already defined with the same name!
2020-04-04 12:59:49.733  WARN 15736 --- [main] o.m.s.mapper.ClassPathMapperScanner      : Skipping MapperFactoryBean with name 'commentMapper' and 'com.example.demo.mapper.CommentMapper' mapperInterface. Bean already defined with the same name!
2020-04-04 12:59:49.733  WARN 15736 --- [main] o.m.s.mapper.ClassPathMapperScanner      : Skipping MapperFactoryBean with name 'tagMapper' and 'com.example.demo.mapper.TagMapper' mapperInterface. Bean already defined with the same name!
2020-04-04 12:59:49.733  WARN 15736 --- [main] o.m.s.mapper.ClassPathMapperScanner      : Skipping MapperFactoryBean with name 'typeMapper' and 'com.example.demo.mapper.TypeMapper' mapperInterface. Bean already defined with the same name!
2020-04-04 12:59:49.733  WARN 15736 --- [main] o.m.s.mapper.ClassPathMapperScanner      : Skipping MapperFactoryBean with name 'userMapper' and 'com.example.demo.mapper.UserMapper' mapperInterface. Bean already defined with the same name!
2020-04-04 12:59:49.734  WARN 15736 --- [main] o.m.s.mapper.ClassPathMapperScanner      : No MyBatis mapper was found in '[com.example.demo.mapper]' package. Please check your configuration.
2020-04-04 12:59:51.691  INFO 15736 --- [main] o.s.s.concurrent.ThreadPoolTaskExecutor  : Initializing ExecutorService 'applicationTaskExecutor'
2020-04-04 12:59:51.859  INFO 15736 --- [main] o.s.b.a.w.s.WelcomePageHandlerMapping    : Adding welcome page template: index
2020-04-04 12:59:52.358  INFO 15736 --- [main] com.example.demo.DemoApplicationTests    : Started DemoApplicationTests in 3.927 seconds (JVM running for 5.006)
2020-04-04 12:59:52.726  INFO 15736 --- [main] com.alibaba.druid.pool.DruidDataSource   : {dataSource-1} inited
2020-04-04 12:59:53.991  INFO 15736 --- [SpringContextShutdownHook] o.s.s.concurrent.ThreadPoolTaskExecutor  : Shutting down ExecutorService 'applicationTaskExecutor'
2020-04-04 12:59:53.995  INFO 15736 --- [SpringContextShutdownHook] com.alibaba.druid.pool.DruidDataSource   : {dataSource-1} closed
